<?xml version="1.0" encoding="UTF-8"?>
<testng-results ignored="0" total="2" passed="2" failed="0" skipped="0">
  <reporter-output>
  </reporter-output>
  <suite started-at="2020-07-20T16:29:02 BST" name="DeckoPaySuite" finished-at="2020-07-20T16:29:17 BST" duration-ms="14521">
    <groups>
    </groups>
    <test started-at="2020-07-20T16:29:02 BST" name="DeckoPayLogin" finished-at="2020-07-20T16:29:17 BST" duration-ms="14521">
      <class name="com.test.deckopay.DeckopayTest.DeckopayLogin">
        <test-method is-config="true" signature="gotosite()[pri:0, instance:com.test.deckopay.DeckopayTest.DeckopayLogin@4df828d7]" started-at="2020-07-20T16:29:02 BST" name="gotosite" finished-at="2020-07-20T16:29:08 BST" duration-ms="5379" status="PASS">
          <reporter-output>
          </reporter-output>
        </test-method> <!-- gotosite -->
        <test-method signature="failedlogin()[pri:1, instance:com.test.deckopay.DeckopayTest.DeckopayLogin@4df828d7]" started-at="2020-07-20T16:29:08 BST" name="failedlogin" finished-at="2020-07-20T16:29:14 BST" duration-ms="6044" status="PASS">
          <reporter-output>
          </reporter-output>
        </test-method> <!-- failedlogin -->
        <test-method signature="loginTest()[pri:2, instance:com.test.deckopay.DeckopayTest.DeckopayLogin@4df828d7]" started-at="2020-07-20T16:29:14 BST" name="loginTest" finished-at="2020-07-20T16:29:15 BST" duration-ms="1628" status="PASS">
          <reporter-output>
          </reporter-output>
        </test-method> <!-- loginTest -->
        <test-method is-config="true" signature="closebrowser()[pri:0, instance:com.test.deckopay.DeckopayTest.DeckopayLogin@4df828d7]" started-at="2020-07-20T16:29:15 BST" name="closebrowser" finished-at="2020-07-20T16:29:17 BST" duration-ms="1401" status="PASS">
          <reporter-output>
          </reporter-output>
        </test-method> <!-- closebrowser -->
      </class> <!-- com.test.deckopay.DeckopayTest.DeckopayLogin -->
    </test> <!-- DeckoPayLogin -->
  </suite> <!-- DeckoPaySuite -->
</testng-results>
