<?xml version="1.0" encoding="UTF-8"?>
<testsuite xmlns:xsi="http://www.w3.org/2001/XMLSchema-instance" xsi:schemaLocation="https://maven.apache.org/surefire/maven-surefire-plugin/xsd/surefire-test-report.xsd" name="TestSuite" time="15.817" tests="2" errors="0" skipped="0" failures="0">
  <properties>
[...]
</properties>
  <testcase name="failedlogin" classname="com.test.deckopay.DeckopayTest.DeckopayLogin" time="6.041"/>
  <testcase name="loginTest" classname="com.test.deckopay.DeckopayTest.DeckopayLogin" time="1.634"/>
</testsuite>