<?xml version="1.0" encoding="UTF-8"?>
<testng-results ignored="0" total="1" passed="1" failed="0" skipped="0">
  <reporter-output>
  </reporter-output>
  <suite started-at="2020-07-20T13:17:29 BST" name="DeckoPaySuite" finished-at="2020-07-20T13:17:36 BST" duration-ms="6693">
    <groups>
    </groups>
    <test started-at="2020-07-20T13:17:29 BST" name="DeckoPayLogin" finished-at="2020-07-20T13:17:36 BST" duration-ms="6693">
      <class name="com.test.deckopay.DeckopayTest.DeckopayLogin">
        <test-method signature="loginTest()[pri:0, instance:com.test.deckopay.DeckopayTest.DeckopayLogin@290dbf45]" started-at="2020-07-20T13:17:29 BST" name="loginTest" finished-at="2020-07-20T13:17:36 BST" duration-ms="6627" status="PASS">
          <reporter-output>
          </reporter-output>
        </test-method> <!-- loginTest -->
      </class> <!-- com.test.deckopay.DeckopayTest.DeckopayLogin -->
    </test> <!-- DeckoPayLogin -->
  </suite> <!-- DeckoPaySuite -->
</testng-results>
