<?xml version="1.0" encoding="UTF-8"?>
<testng-results ignored="0" total="2" passed="2" failed="0" skipped="0">
  <reporter-output>
  </reporter-output>
  <suite started-at="2020-07-20T16:29:38 BST" name="Default suite" finished-at="2020-07-20T16:29:49 BST" duration-ms="10829">
    <groups>
    </groups>
    <test started-at="2020-07-20T16:29:38 BST" name="Default test" finished-at="2020-07-20T16:29:49 BST" duration-ms="10829">
      <class name="com.test.deckopay.DeckopayTest.DeckopayLogin">
        <test-method is-config="true" signature="gotosite()[pri:0, instance:com.test.deckopay.DeckopayTest.DeckopayLogin@30b7c004]" started-at="2020-07-20T16:29:38 BST" name="gotosite" finished-at="2020-07-20T16:29:44 BST" duration-ms="5676" status="PASS">
          <reporter-output>
          </reporter-output>
        </test-method> <!-- gotosite -->
        <test-method signature="failedlogin()[pri:1, instance:com.test.deckopay.DeckopayTest.DeckopayLogin@30b7c004]" started-at="2020-07-20T16:29:44 BST" name="failedlogin" finished-at="2020-07-20T16:29:47 BST" duration-ms="2929" status="PASS">
          <reporter-output>
          </reporter-output>
        </test-method> <!-- failedlogin -->
        <test-method signature="loginTest()[pri:2, instance:com.test.deckopay.DeckopayTest.DeckopayLogin@30b7c004]" started-at="2020-07-20T16:29:47 BST" name="loginTest" finished-at="2020-07-20T16:29:48 BST" duration-ms="1105" status="PASS">
          <reporter-output>
          </reporter-output>
        </test-method> <!-- loginTest -->
        <test-method is-config="true" signature="closebrowser()[pri:0, instance:com.test.deckopay.DeckopayTest.DeckopayLogin@30b7c004]" started-at="2020-07-20T16:29:48 BST" name="closebrowser" finished-at="2020-07-20T16:29:49 BST" duration-ms="1073" status="PASS">
          <reporter-output>
          </reporter-output>
        </test-method> <!-- closebrowser -->
      </class> <!-- com.test.deckopay.DeckopayTest.DeckopayLogin -->
    </test> <!-- Default test -->
  </suite> <!-- Default suite -->
</testng-results>
